0 info it worked if it ends with ok
1 verbose cli [ 'node', '/usr/local/bin/npm', 'start' ]
2 info using npm@2.11.1
3 info using node@v0.10.38
4 verbose run-script [ 'prestart', 'start', 'poststart' ]
5 info prestart showerNote@0.0.0
6 info start showerNote@0.0.0
7 verbose unsafe-perm in lifecycle true
8 info showerNote@0.0.0 Failed to exec start script
9 verbose stack Error: showerNote@0.0.0 start: `nodemon -L ./bin/www`
9 verbose stack spawn ENOENT
9 verbose stack     at ChildProcess.<anonymous> (/usr/local/lib/node_modules/npm/lib/utils/spawn.js:17:16)
9 verbose stack     at ChildProcess.emit (events.js:98:17)
9 verbose stack     at maybeClose (child_process.js:766:16)
9 verbose stack     at Process.ChildProcess._handle.onexit (child_process.js:833:5)
10 verbose pkgid showerNote@0.0.0
11 verbose cwd /src
12 error Linux 3.13.0-93-generic
13 error argv "node" "/usr/local/bin/npm" "start"
14 error node v0.10.38
15 error npm  v2.11.1
16 error file sh
17 error code ELIFECYCLE
18 error errno ENOENT
19 error syscall spawn
20 error showerNote@0.0.0 start: `nodemon -L ./bin/www`
20 error spawn ENOENT
21 error Failed at the showerNote@0.0.0 start script 'nodemon -L ./bin/www'.
21 error This is most likely a problem with the showerNote package,
21 error not with npm itself.
21 error Tell the author that this fails on your system:
21 error     nodemon -L ./bin/www
21 error You can get their info via:
21 error     npm owner ls showerNote
21 error There is likely additional logging output above.
22 verbose exit [ 1, true ]
